<?xml version="1.0" encoding="UTF-8"?>
<!-- Generated by org.testng.reporters.JUnitXMLReporter -->
<testsuite ignored="0" hostname="RRKMY1001" failures="0" tests="7" name="Test" time="72.409" errors="0" timestamp="2022-09-22T17:47:38 CEST">
  <testcase classname="TC1_Test" name="TestCase1" time="7.64"/>
  <testcase classname="TC2_Test" name="TestCase2" time="12.749"/>
  <testcase classname="TC3_Test" name="TestCase3" time="8.0"/>
  <testcase classname="TC4_Test" name="TestCase4" time="10.376"/>
  <testcase classname="TC5_Test" name="TestCase5" time="12.53"/>
  <testcase classname="TC5_Test" name="TestCase5" time="10.028"/>
  <testcase classname="TC5_Test" name="TestCase5" time="11.039"/>
</testsuite> <!-- Test -->
