<?xml version="1.0" encoding="UTF-8"?>
<testng-results ignored="0" total="7" passed="7" failed="0" skipped="0">
  <reporter-output>
  </reporter-output>
  <suite started-at="2022-09-22T17:46:25 CEST" name="Datacom Assessment Exercise" finished-at="2022-09-22T17:47:38 CEST" duration-ms="72409">
    <groups>
    </groups>
    <test started-at="2022-09-22T17:46:25 CEST" name="Test" finished-at="2022-09-22T17:47:38 CEST" duration-ms="72409">
      <class name="TC3_Test">
        <test-method signature="TestCase3()[pri:0, instance:TC3_Test@5db250b4]" started-at="2022-09-22T17:46:46 CEST" name="TestCase3" finished-at="2022-09-22T17:46:54 CEST" duration-ms="8000" status="PASS">
          <reporter-output>
          </reporter-output>
        </test-method> <!-- TestCase3 -->
      </class> <!-- TC3_Test -->
      <class name="TC2_Test">
        <test-method signature="TestCase2()[pri:0, instance:TC2_Test@5bfa9431]" started-at="2022-09-22T17:46:33 CEST" name="TestCase2" finished-at="2022-09-22T17:46:46 CEST" duration-ms="12749" status="PASS">
          <reporter-output>
          </reporter-output>
        </test-method> <!-- TestCase2 -->
      </class> <!-- TC2_Test -->
      <class name="TC1_Test">
        <test-method signature="TestCase1()[pri:0, instance:TC1_Test@6b19b79]" started-at="2022-09-22T17:46:25 CEST" name="TestCase1" finished-at="2022-09-22T17:46:33 CEST" duration-ms="7640" status="PASS">
          <reporter-output>
          </reporter-output>
        </test-method> <!-- TestCase1 -->
      </class> <!-- TC1_Test -->
      <class name="TC5_Test">
        <test-method signature="TestCase5()[pri:0, instance:TC5_Test@38c5cc4c]" started-at="2022-09-22T17:47:04 CEST" name="TestCase5" finished-at="2022-09-22T17:47:17 CEST" duration-ms="12530" status="PASS">
          <reporter-output>
          </reporter-output>
        </test-method> <!-- TestCase5 -->
        <test-method signature="TestCase5()[pri:0, instance:TC5_Test@38c5cc4c]" started-at="2022-09-22T17:47:17 CEST" name="TestCase5" finished-at="2022-09-22T17:47:27 CEST" duration-ms="10028" status="PASS">
          <reporter-output>
          </reporter-output>
        </test-method> <!-- TestCase5 -->
        <test-method signature="TestCase5()[pri:0, instance:TC5_Test@38c5cc4c]" started-at="2022-09-22T17:47:27 CEST" name="TestCase5" finished-at="2022-09-22T17:47:38 CEST" duration-ms="11039" status="PASS">
          <reporter-output>
          </reporter-output>
        </test-method> <!-- TestCase5 -->
      </class> <!-- TC5_Test -->
      <class name="TC4_Test">
        <test-method signature="TestCase4()[pri:0, instance:TC4_Test@223f3642]" started-at="2022-09-22T17:46:54 CEST" name="TestCase4" finished-at="2022-09-22T17:47:04 CEST" duration-ms="10376" status="PASS">
          <reporter-output>
          </reporter-output>
        </test-method> <!-- TestCase4 -->
      </class> <!-- TC4_Test -->
    </test> <!-- Test -->
  </suite> <!-- Datacom Assessment Exercise -->
</testng-results>
